[{"line":1,"elements":[{"start_timestamp":"2025-04-25T12:46:03.163Z","line":19,"name":"Validate the Account detail scenario of gro tech banking application","description":"","id":"validate-the-account-detail-scenario-of-gro-tech-banking-application;validate-the-account-detail-scenario-of-gro-tech-banking-application;;2","type":"scenario","keyword":"Scenario Outline","steps":[{"result":{"duration":7616321600,"status":"passed"},"line":4,"name":"User open the url of banking  application","match":{"location":"StepDefinition.StepDefinition1.user_open_the_url_of_banking_application()"},"keyword":"Given "},{"result":{"duration":269238800,"status":"passed"},"line":5,"name":"user click on account details link","match":{"location":"StepDefinition.StepDefinition1.user_click_on_account_details_link()"},"keyword":"And "},{"result":{"duration":5488653400,"status":"passed"},"line":6,"name":"Select customer name from dropdown","match":{"location":"StepDefinition.StepDefinition1.select_customer_name_from_dropdown()"},"keyword":"And "},{"result":{"error_message":"org.openqa.selenium.NoSuchElementException: no such element: Unable to locate element: {\"method\":\"xpath\",\"selector\":\"//div[@id='tab-comp-m8szwsxa']\"}\n  (Session info: MicrosoftEdge=135.0.3179.85)\nFor documentation on this error, please visit: https://www.selenium.dev/documentation/webdriver/troubleshooting/errors#no-such-element-exception\nBuild info: version: '4.18.1', revision: 'b1d3319b48'\nSystem info: os.name: 'Windows 11', os.arch: 'amd64', os.version: '10.0', java.version: '23'\nDriver info: org.openqa.selenium.edge.EdgeDriver\nCommand: [ac74b1dcf518830538ae359288c1f51f, findElement {using=xpath, value=//div[@id='tab-comp-m8szwsxa']}]\nCapabilities {acceptInsecureCerts: false, browserName: MicrosoftEdge, browserVersion: 135.0.3179.85, fedcm:accounts: true, ms:edgeOptions: {debuggerAddress: localhost:50593}, msedge: {msedgedriverVersion: 135.0.3179.85 (578105711aca..., userDataDir: C:\\Users\\SWATIL~1\\AppData\\L...}, networkConnectionEnabled: false, pageLoadStrategy: normal, platformName: windows, proxy: Proxy(), se:cdp: ws://localhost:50593/devtoo..., se:cdpVersion: 135.0.3179.85, setWindowRect: true, strictFileInteractability: false, timeouts: {implicit: 0, pageLoad: 300000, script: 30000}, unhandledPromptBehavior: dismiss and notify, webauthn:extension:credBlob: true, webauthn:extension:largeBlob: true, webauthn:extension:minPinLength: true, webauthn:extension:prf: true, webauthn:virtualAuthenticators: true}\nSession ID: ac74b1dcf518830538ae359288c1f51f\r\n\tat java.base/jdk.internal.reflect.DirectConstructorHandleAccessor.newInstance(DirectConstructorHandleAccessor.java:62)\r\n\tat java.base/java.lang.reflect.Constructor.newInstanceWithCaller(Constructor.java:501)\r\n\tat java.base/java.lang.reflect.Constructor.newInstance(Constructor.java:485)\r\n\tat org.openqa.selenium.remote.ErrorCodec.decode(ErrorCodec.java:167)\r\n\tat org.openqa.selenium.remote.codec.w3c.W3CHttpResponseCodec.decode(W3CHttpResponseCodec.java:138)\r\n\tat org.openqa.selenium.remote.codec.w3c.W3CHttpResponseCodec.decode(W3CHttpResponseCodec.java:50)\r\n\tat org.openqa.selenium.remote.HttpCommandExecutor.execute(HttpCommandExecutor.java:190)\r\n\tat org.openqa.selenium.remote.service.DriverCommandExecutor.invokeExecute(DriverCommandExecutor.java:216)\r\n\tat org.openqa.selenium.remote.service.DriverCommandExecutor.execute(DriverCommandExecutor.java:174)\r\n\tat org.openqa.selenium.remote.RemoteWebDriver.execute(RemoteWebDriver.java:519)\r\n\tat org.openqa.selenium.remote.ElementLocation$ElementFinder$2.findElement(ElementLocation.java:165)\r\n\tat org.openqa.selenium.remote.ElementLocation.findElement(ElementLocation.java:59)\r\n\tat org.openqa.selenium.remote.RemoteWebDriver.findElement(RemoteWebDriver.java:356)\r\n\tat org.openqa.selenium.remote.RemoteWebDriver.findElement(RemoteWebDriver.java:350)\r\n\tat org.openqa.selenium.support.pagefactory.DefaultElementLocator.findElement(DefaultElementLocator.java:68)\r\n\tat org.openqa.selenium.support.pagefactory.internal.LocatingElementHandler.invoke(LocatingElementHandler.java:38)\r\n\tat jdk.proxy2/jdk.proxy2.$Proxy20.click(Unknown Source)\r\n\tat PageClasses.AccountDetailPage.clickOnDepositBtn(AccountDetailPage.java:103)\r\n\tat StepDefinition.StepDefinition1.user_click_on_login(StepDefinition1.java:355)\r\n\tat ✽.user click on login(file:///D:/LiveProject1/BakingProject/src/test/java/FeatureFiles1/AccountDeatilScenario.feature:7)\r\n","duration":54127200,"status":"failed"},"line":7,"name":"user click on login","match":{"location":"StepDefinition.StepDefinition1.user_click_on_login()"},"keyword":"And "},{"result":{"status":"skipped"},"line":8,"name":"user click on deposite option","match":{"location":"StepDefinition.StepDefinition1.user_click_on_deposite_option()"},"keyword":"And "},{"result":{"duration":1329700,"status":"skipped"},"line":9,"name":"User deposite amount as \"150000\"","match":{"arguments":[{"val":"\"150000\"","offset":24}],"location":"StepDefinition.StepDefinition1.user_deposite_amount_as(java.lang.String)"},"keyword":"When "},{"result":{"status":"skipped"},"line":10,"name":"click on deposite the amount","match":{"location":"StepDefinition.StepDefinition1.click_on_deposite_the_amount()"},"keyword":"Then "},{"result":{"duration":6046600,"status":"skipped"},"line":11,"name":"User see upadated balance","match":{"location":"StepDefinition.StepDefinition1.user_see_upadated_balance()"},"keyword":"Then "},{"result":{"status":"skipped"},"line":12,"name":"User click on withdrawl option","match":{"location":"StepDefinition.StepDefinition1.user_click_on_withdrawl_option()"},"keyword":"And "},{"result":{"status":"skipped"},"line":13,"name":"User enter withdrawl  amount as \"5000\"","match":{"arguments":[{"val":"\"5000\"","offset":32}],"location":"StepDefinition.StepDefinition1.user_enter_withdrawl_amount_as(java.lang.String)"},"keyword":"Then "},{"result":{"status":"skipped"},"line":14,"name":"user click on withdrawl button","match":{"location":"StepDefinition.StepDefinition1.user_click_on_withdrawl_button()"},"keyword":"When "},{"result":{"status":"skipped"},"line":15,"name":"Validate the upadated balance","match":{"location":"StepDefinition.StepDefinition1.validate_the_upadated_balance()"},"keyword":"Then "}]}],"name":"Validate the Account detail scenario of gro tech banking application","description":"","id":"validate-the-account-detail-scenario-of-gro-tech-banking-application","keyword":"Feature","uri":"file:src/test/java/FeatureFiles1/AccountDeatilScenario.feature","tags":[]},{"line":1,"elements":[{"start_timestamp":"2025-04-25T12:46:16.970Z","line":16,"name":"validate the Contact us scenario of grotech mind banking application","description":"","id":"validate-the-contact-us-scenario-of-grotech-mind-baanking-application;validate-the-contact-us-scenario-of-grotech-mind-banking-application;;2","type":"scenario","keyword":"Scenario Outline","steps":[{"result":{"error_message":"org.openqa.selenium.NoSuchElementException: no such element: Unable to locate element: {\"method\":\"link text\",\"selector\":\"Contacts Us\"}\n  (Session info: MicrosoftEdge=135.0.3179.85)\nFor documentation on this error, please visit: https://www.selenium.dev/documentation/webdriver/troubleshooting/errors#no-such-element-exception\nBuild info: version: '4.18.1', revision: 'b1d3319b48'\nSystem info: os.name: 'Windows 11', os.arch: 'amd64', os.version: '10.0', java.version: '23'\nDriver info: org.openqa.selenium.edge.EdgeDriver\nCommand: [21f2a3769e6a73a2438c9e36d08adb6d, findElement {using=link text, value=Contacts Us}]\nCapabilities {acceptInsecureCerts: false, browserName: MicrosoftEdge, browserVersion: 135.0.3179.85, fedcm:accounts: true, ms:edgeOptions: {debuggerAddress: localhost:50660}, msedge: {msedgedriverVersion: 135.0.3179.85 (578105711aca..., userDataDir: C:\\Users\\SWATIL~1\\AppData\\L...}, networkConnectionEnabled: false, pageLoadStrategy: normal, platformName: windows, proxy: Proxy(), se:cdp: ws://localhost:50660/devtoo..., se:cdpVersion: 135.0.3179.85, setWindowRect: true, strictFileInteractability: false, timeouts: {implicit: 0, pageLoad: 300000, script: 30000}, unhandledPromptBehavior: dismiss and notify, webauthn:extension:credBlob: true, webauthn:extension:largeBlob: true, webauthn:extension:minPinLength: true, webauthn:extension:prf: true, webauthn:virtualAuthenticators: true}\nSession ID: 21f2a3769e6a73a2438c9e36d08adb6d\r\n\tat java.base/jdk.internal.reflect.DirectConstructorHandleAccessor.newInstance(DirectConstructorHandleAccessor.java:62)\r\n\tat java.base/java.lang.reflect.Constructor.newInstanceWithCaller(Constructor.java:501)\r\n\tat java.base/java.lang.reflect.Constructor.newInstance(Constructor.java:485)\r\n\tat org.openqa.selenium.remote.ErrorCodec.decode(ErrorCodec.java:167)\r\n\tat org.openqa.selenium.remote.codec.w3c.W3CHttpResponseCodec.decode(W3CHttpResponseCodec.java:138)\r\n\tat org.openqa.selenium.remote.codec.w3c.W3CHttpResponseCodec.decode(W3CHttpResponseCodec.java:50)\r\n\tat org.openqa.selenium.remote.HttpCommandExecutor.execute(HttpCommandExecutor.java:190)\r\n\tat org.openqa.selenium.remote.service.DriverCommandExecutor.invokeExecute(DriverCommandExecutor.java:216)\r\n\tat org.openqa.selenium.remote.service.DriverCommandExecutor.execute(DriverCommandExecutor.java:174)\r\n\tat org.openqa.selenium.remote.RemoteWebDriver.execute(RemoteWebDriver.java:519)\r\n\tat org.openqa.selenium.remote.ElementLocation$ElementFinder$2.findElement(ElementLocation.java:165)\r\n\tat org.openqa.selenium.remote.ElementLocation.findElement(ElementLocation.java:59)\r\n\tat org.openqa.selenium.remote.RemoteWebDriver.findElement(RemoteWebDriver.java:356)\r\n\tat org.openqa.selenium.remote.RemoteWebDriver.findElement(RemoteWebDriver.java:350)\r\n\tat org.openqa.selenium.support.pagefactory.DefaultElementLocator.findElement(DefaultElementLocator.java:68)\r\n\tat org.openqa.selenium.support.pagefactory.internal.LocatingElementHandler.invoke(LocatingElementHandler.java:38)\r\n\tat jdk.proxy2/jdk.proxy2.$Proxy20.click(Unknown Source)\r\n\tat PageClasses.ContactUsPage.ClickOnContactUs(ContactUsPage.java:56)\r\n\tat StepDefinition.StepDefinition1.user_click_on_contact_us_link(StepDefinition1.java:413)\r\n\tat ✽.user click on contact us link(file:///D:/LiveProject1/BakingProject/src/test/java/FeatureFiles1/ContactUsScenario.feature:4)\r\n","duration":5626220500,"status":"failed"},"line":4,"name":"user click on contact us link","match":{"location":"StepDefinition.StepDefinition1.user_click_on_contact_us_link()"},"keyword":"Given "},{"result":{"duration":4520100,"status":"skipped"},"line":5,"name":"user enter first name in the name field as name \"Harry\"","match":{"arguments":[{"val":"\"Harry\"","offset":48}],"location":"StepDefinition.StepDefinition1.user_enter_first_name_in_the_name_field_as_name(java.lang.String)"},"keyword":"And "},{"result":{"status":"skipped"},"line":6,"name":"user enter email in the email field as \"Harry@gmail.com\"","match":{"arguments":[{"val":"\"Harry@gmail.com\"","offset":39}],"location":"StepDefinition.StepDefinition1.user_enter_email_in_the_email_field_as(java.lang.String)"},"keyword":"And "},{"result":{"status":"skipped"},"line":7,"name":"user enter phone number in phone number field as \"9876234567\"","match":{"arguments":[{"val":"\"9876234567\"","offset":49}],"location":"StepDefinition.StepDefinition1.user_enter_phone_number_in_phone_number_field_as(java.lang.String)"},"keyword":"And "},{"result":{"status":"skipped"},"line":8,"name":"user enter address in the address field as \"Mumbai\"","match":{"arguments":[{"val":"\"Mumbai\"","offset":43}],"location":"StepDefinition.StepDefinition1.user_enter_address_in_the_address_field_as(java.lang.String)"},"keyword":"And "},{"result":{"status":"skipped"},"line":9,"name":"user enetr the country in the country field  as \"india\"","match":{"arguments":[{"val":"\"india\"","offset":48}],"location":"StepDefinition.StepDefinition1.user_enetr_the_country_in_the_country_field_as(java.lang.String)"},"keyword":"And "},{"result":{"duration":5485100,"status":"skipped"},"line":10,"name":"user enter pin code in the field of zipcode as \"411046\"","match":{"arguments":[{"val":"\"411046\"","offset":47}],"location":"StepDefinition.StepDefinition1.user_enter_pin_code_in_the_field_of_zipcode_as(java.lang.String)"},"keyword":"Then "},{"result":{"status":"skipped"},"line":11,"name":"User Click on submit button of Contact Us Page","match":{"location":"StepDefinition.StepDefinition1.user_click_on_submit_button_of_contact_us_page()"},"keyword":"When "},{"result":{"status":"skipped"},"line":12,"name":"Validate that user get success message after clicking on button","match":{"location":"StepDefinition.StepDefinition1.validate_that_user_get_success_message_after_clicking_on_button()"},"keyword":"Then "}]}],"name":"Validate the Contact Us Scenario of grotech mind baanking application","description":"","id":"validate-the-contact-us-scenario-of-grotech-mind-baanking-application","keyword":"Feature","uri":"file:src/test/java/FeatureFiles1/ContactUsScenario.feature","tags":[]},{"line":1,"elements":[{"start_timestamp":"2025-04-25T12:46:22.651Z","line":15,"name":"Validate the Forget Password functionality of grotechmind Banking Application","description":"","id":"validate-the-forget-password-functionality-of-grotechmind-banking-application;validate-the-forget-password-functionality-of-grotechmind-banking-application;;2","type":"scenario","keyword":"Scenario Outline","steps":[{"result":{"duration":6032768300,"status":"passed"},"line":4,"name":"user open url of banking application","match":{"location":"StepDefinition.StepDefinition1.user_open_url_of_banking_application()"},"keyword":"Given "},{"result":{"duration":527820200,"status":"passed"},"line":5,"name":"user click on forget password link","match":{"location":"StepDefinition.StepDefinition1.user_click_on_forget_password_link()"},"keyword":"And "},{"result":{"duration":135778400,"status":"passed"},"line":6,"name":"user enter email id as \"swati@gmail.com\"","match":{"arguments":[{"val":"\"swati@gmail.com\"","offset":23}],"location":"StepDefinition.StepDefinition1.user_enter_email_id_as(java.lang.String)"},"keyword":"And "},{"result":{"duration":103619200,"status":"passed"},"line":7,"name":"user enter mobile number as \"8712354675\"","match":{"arguments":[{"val":"\"8712354675\"","offset":28}],"location":"StepDefinition.StepDefinition1.user_enter_mobile_number_as(java.lang.String)"},"keyword":"And "},{"result":{"duration":95198800,"status":"passed"},"line":8,"name":"user click on reset password button","match":{"location":"StepDefinition.StepDefinition1.user_click_on_reset_password_button()"},"keyword":"When "},{"result":{"duration":24191174800,"status":"passed"},"line":9,"name":"validate the confirmation message for resetting password","match":{"location":"StepDefinition.StepDefinition1.validate_the_confirmation_message_for_resetting_password()"},"keyword":"Then "},{"result":{"duration":27800900,"status":"passed"},"line":10,"name":"Also verify the title of the page showing proper","match":{"location":"StepDefinition.StepDefinition1.also_verify_the_title_of_the_page_showing_proper()"},"keyword":"Then "}]}],"name":"Validate the Forget Password functionality of grotechmind Banking Application","description":"","id":"validate-the-forget-password-functionality-of-grotechmind-banking-application","keyword":"Feature","uri":"file:src/test/java/FeatureFiles1/ForgetPassword.feature","tags":[]},{"line":1,"elements":[{"start_timestamp":"2025-04-25T12:46:53.799Z","line":14,"name":"Validate the login Functionality of grotechmind Banking Domain Project","description":"","id":"validate-the-login-functionality-of-grotechmind-banking-domain-project;validate-the-login-functionality-of-grotechmind-banking-domain-project;;2","type":"scenario","keyword":"Scenario Outline","steps":[{"result":{"duration":5426037700,"status":"passed"},"line":4,"name":"user open url of banking application","match":{"location":"StepDefinition.StepDefinition1.user_open_url_of_banking_application()"},"keyword":"Given "},{"result":{"duration":464135200,"status":"passed"},"line":5,"name":"user click on login button","match":{"location":"StepDefinition.StepDefinition1.user_click_on_login_button()"},"keyword":"And "},{"result":{"duration":119524700,"status":"passed"},"line":6,"name":"user enter username as \"Swati@123\"","match":{"arguments":[{"val":"\"Swati@123\"","offset":23}],"location":"StepDefinition.StepDefinition1.user_enter_username_as(java.lang.String)"},"keyword":"And "},{"result":{"duration":5138568600,"status":"passed"},"line":7,"name":"user enter password as \"Test@1234\"","match":{"arguments":[{"val":"\"Test@1234\"","offset":23}],"location":"StepDefinition.StepDefinition1.user_enter_password_as(java.lang.String)"},"keyword":"And "},{"result":{"duration":115613200,"status":"passed"},"line":8,"name":"user click on submit button","match":{"location":"StepDefinition.StepDefinition1.user_click_on_submit_button()"},"keyword":"When "},{"result":{"duration":12457373900,"status":"passed"},"line":9,"name":"Validate that user able to login successfully","match":{"location":"StepDefinition.StepDefinition1.validate_that_user_able_to_login_successfully()"},"keyword":"Then "},{"result":{"error_message":"org.openqa.selenium.TimeoutException: Expected condition failed: waiting for title to contain \"Login\". Current title: \"\" (tried for 500 second(s) with 500 milliseconds interval)\r\n\tat org.openqa.selenium.support.ui.WebDriverWait.timeoutException(WebDriverWait.java:84)\r\n\tat org.openqa.selenium.support.ui.FluentWait.until(FluentWait.java:228)\r\n\tat StepDefinition.StepDefinition1.also_verify_that_the_title_of_the_login_page_is_shown_proper(StepDefinition1.java:236)\r\n\tat ✽.also verify that the Title of the Login page is shown proper(file:///D:/LiveProject1/BakingProject/src/test/java/FeatureFiles1/LoginScenario.feature:10)\r\nCaused by: org.openqa.selenium.NoSuchWindowException: no such window: target window already closed\nfrom unknown error: web view not found\n  (Session info: MicrosoftEdge=135.0.3179.85)\nBuild info: version: '4.18.1', revision: 'b1d3319b48'\nSystem info: os.name: 'Windows 11', os.arch: 'amd64', os.version: '10.0', java.version: '23'\nDriver info: org.openqa.selenium.edge.EdgeDriver\nCommand: [b5d656bd88bfdabeae595d8b5b8ed757, getTitle {}]\nCapabilities {acceptInsecureCerts: false, browserName: MicrosoftEdge, browserVersion: 135.0.3179.85, fedcm:accounts: true, ms:edgeOptions: {debuggerAddress: localhost:50766}, msedge: {msedgedriverVersion: 135.0.3179.85 (578105711aca..., userDataDir: C:\\Users\\SWATIL~1\\AppData\\L...}, networkConnectionEnabled: false, pageLoadStrategy: normal, platformName: windows, proxy: Proxy(), se:cdp: ws://localhost:50766/devtoo..., se:cdpVersion: 135.0.3179.85, setWindowRect: true, strictFileInteractability: false, timeouts: {implicit: 0, pageLoad: 300000, script: 30000}, unhandledPromptBehavior: dismiss and notify, webauthn:extension:credBlob: true, webauthn:extension:largeBlob: true, webauthn:extension:minPinLength: true, webauthn:extension:prf: true, webauthn:virtualAuthenticators: true}\nSession ID: b5d656bd88bfdabeae595d8b5b8ed757\r\n\tat java.base/jdk.internal.reflect.DirectConstructorHandleAccessor.newInstance(DirectConstructorHandleAccessor.java:62)\r\n\tat java.base/java.lang.reflect.Constructor.newInstanceWithCaller(Constructor.java:501)\r\n\tat java.base/java.lang.reflect.Constructor.newInstance(Constructor.java:485)\r\n\tat org.openqa.selenium.remote.ErrorCodec.decode(ErrorCodec.java:167)\r\n\tat org.openqa.selenium.remote.codec.w3c.W3CHttpResponseCodec.decode(W3CHttpResponseCodec.java:138)\r\n\tat org.openqa.selenium.remote.codec.w3c.W3CHttpResponseCodec.decode(W3CHttpResponseCodec.java:50)\r\n\tat org.openqa.selenium.remote.HttpCommandExecutor.execute(HttpCommandExecutor.java:190)\r\n\tat org.openqa.selenium.remote.service.DriverCommandExecutor.invokeExecute(DriverCommandExecutor.java:216)\r\n\tat org.openqa.selenium.remote.service.DriverCommandExecutor.execute(DriverCommandExecutor.java:174)\r\n\tat org.openqa.selenium.remote.RemoteWebDriver.execute(RemoteWebDriver.java:519)\r\n\tat org.openqa.selenium.remote.RemoteWebDriver.execute(RemoteWebDriver.java:592)\r\n\tat org.openqa.selenium.remote.RemoteWebDriver.execute(RemoteWebDriver.java:596)\r\n\tat org.openqa.selenium.remote.RemoteWebDriver.getTitle(RemoteWebDriver.java:306)\r\n\tat org.openqa.selenium.support.ui.ExpectedConditions$2.apply(ExpectedConditions.java:78)\r\n\tat org.openqa.selenium.support.ui.ExpectedConditions$2.apply(ExpectedConditions.java:73)\r\n\tat org.openqa.selenium.support.ui.FluentWait.until(FluentWait.java:203)\r\n\tat StepDefinition.StepDefinition1.also_verify_that_the_title_of_the_login_page_is_shown_proper(StepDefinition1.java:236)\r\n\tat java.base/jdk.internal.reflect.DirectMethodHandleAccessor.invoke(DirectMethodHandleAccessor.java:103)\r\n\tat java.base/java.lang.reflect.Method.invoke(Method.java:580)\r\n\tat io.cucumber.java.Invoker.doInvoke(Invoker.java:66)\r\n\tat io.cucumber.java.Invoker.invoke(Invoker.java:24)\r\n\tat io.cucumber.java.AbstractGlueDefinition.invokeMethod(AbstractGlueDefinition.java:47)\r\n\tat io.cucumber.java.JavaStepDefinition.execute(JavaStepDefinition.java:29)\r\n\tat io.cucumber.core.runner.CoreStepDefinition.execute(CoreStepDefinition.java:66)\r\n\tat io.cucumber.core.runner.PickleStepDefinitionMatch.runStep(PickleStepDefinitionMatch.java:63)\r\n\tat io.cucumber.core.runner.ExecutionMode$1.execute(ExecutionMode.java:10)\r\n\tat io.cucumber.core.runner.TestStep.executeStep(TestStep.java:84)\r\n\tat io.cucumber.core.runner.TestStep.run(TestStep.java:56)\r\n\tat io.cucumber.core.runner.PickleStepTestStep.run(PickleStepTestStep.java:51)\r\n\tat io.cucumber.core.runner.TestCase.run(TestCase.java:84)\r\n\tat io.cucumber.core.runner.Runner.runPickle(Runner.java:75)\r\n\tat io.cucumber.junit.PickleRunners$NoStepDescriptions.lambda$run$0(PickleRunners.java:151)\r\n\tat io.cucumber.core.runtime.CucumberExecutionContext.lambda$runTestCase$5(CucumberExecutionContext.java:137)\r\n\tat io.cucumber.core.runtime.RethrowingThrowableCollector.executeAndThrow(RethrowingThrowableCollector.java:23)\r\n\tat io.cucumber.core.runtime.CucumberExecutionContext.runTestCase(CucumberExecutionContext.java:137)\r\n\tat io.cucumber.junit.PickleRunners$NoStepDescriptions.run(PickleRunners.java:148)\r\n\tat io.cucumber.junit.FeatureRunner.runChild(FeatureRunner.java:144)\r\n\tat io.cucumber.junit.FeatureRunner.runChild(FeatureRunner.java:28)\r\n\tat org.junit.runners.ParentRunner$3.run(ParentRunner.java:238)\r\n\tat org.junit.runners.ParentRunner$1.schedule(ParentRunner.java:63)\r\n\tat org.junit.runners.ParentRunner.runChildren(ParentRunner.java:236)\r\n\tat org.junit.runners.ParentRunner.access$000(ParentRunner.java:53)\r\n\tat org.junit.runners.ParentRunner$2.evaluate(ParentRunner.java:229)\r\n\tat org.junit.runners.ParentRunner.run(ParentRunner.java:309)\r\n\tat io.cucumber.junit.FeatureRunner.run(FeatureRunner.java:137)\r\n\tat io.cucumber.junit.Cucumber.runChild(Cucumber.java:196)\r\n\tat io.cucumber.junit.Cucumber.runChild(Cucumber.java:89)\r\n\tat org.junit.runners.ParentRunner$3.run(ParentRunner.java:238)\r\n\tat org.junit.runners.ParentRunner$1.schedule(ParentRunner.java:63)\r\n\tat org.junit.runners.ParentRunner.runChildren(ParentRunner.java:236)\r\n\tat org.junit.runners.ParentRunner.access$000(ParentRunner.java:53)\r\n\tat org.junit.runners.ParentRunner$2.evaluate(ParentRunner.java:229)\r\n\tat io.cucumber.core.runtime.CucumberExecutionContext.lambda$runFeatures$6(CucumberExecutionContext.java:148)\r\n\tat io.cucumber.core.runtime.CucumberExecutionContext.execute(CucumberExecutionContext.java:163)\r\n\tat io.cucumber.core.runtime.CucumberExecutionContext.runFeatures(CucumberExecutionContext.java:146)\r\n\tat io.cucumber.junit.Cucumber$StartAndFinishTestRun.evaluate(Cucumber.java:226)\r\n\tat org.junit.runners.ParentRunner.run(ParentRunner.java:309)\r\n\tat org.eclipse.jdt.internal.junit4.runner.JUnit4TestReference.run(JUnit4TestReference.java:93)\r\n\tat org.eclipse.jdt.internal.junit.runner.TestExecution.run(TestExecution.java:40)\r\n\tat org.eclipse.jdt.internal.junit.runner.RemoteTestRunner.runTests(RemoteTestRunner.java:530)\r\n\tat org.eclipse.jdt.internal.junit.runner.RemoteTestRunner.runTests(RemoteTestRunner.java:758)\r\n\tat org.eclipse.jdt.internal.junit.runner.RemoteTestRunner.run(RemoteTestRunner.java:453)\r\n\tat org.eclipse.jdt.internal.junit.runner.RemoteTestRunner.main(RemoteTestRunner.java:211)\r\n","duration":500309222000,"status":"failed"},"line":10,"name":"also verify that the Title of the Login page is shown proper","match":{"location":"StepDefinition.StepDefinition1.also_verify_that_the_title_of_the_login_page_is_shown_proper()"},"keyword":"Then "}]}],"name":"Validate the login Functionality of grotechmind Banking Domain Project","description":"","id":"validate-the-login-functionality-of-grotechmind-banking-domain-project","keyword":"Feature","uri":"file:src/test/java/FeatureFiles1/LoginScenario.feature","tags":[]},{"line":1,"elements":[{"start_timestamp":"2025-04-25T12:55:37.890Z","line":21,"name":"Validate signup functionality in GrotechMinds Banking Application","description":"","id":"validate-signup-functionality-of-grotechminds-banking-application;validate-signup-functionality-in-grotechminds-banking-application;;2","type":"scenario","keyword":"Scenario Outline","steps":[{"result":{"duration":5249183900,"status":"passed"},"line":4,"name":"user open the url for banking application","match":{"location":"StepDefinition.StepDefinition1.user_open_the_url_for_banking_application()"},"keyword":"Given "},{"result":{"duration":1616744000,"status":"passed"},"line":5,"name":"user clicks on SignUp button in WebPage","match":{"location":"StepDefinition.StepDefinition1.user_clicks_on_sign_up_button_in_web_page()"},"keyword":"And "},{"result":{"duration":186261200,"status":"passed"},"line":6,"name":"user enters the firstname as \"Harry\"","match":{"arguments":[{"val":"\"Harry\"","offset":29}],"location":"StepDefinition.StepDefinition1.user_enters_the_firstname_as(java.lang.String)"},"keyword":"And "},{"result":{"duration":132137500,"status":"passed"},"line":7,"name":"user enters the lastname as \"dsouza\"","match":{"arguments":[{"val":"\"dsouza\"","offset":28}],"location":"StepDefinition.StepDefinition1.user_enters_the_lastname_as(java.lang.String)"},"keyword":"And "},{"result":{"duration":156615700,"status":"passed"},"line":8,"name":"user enters the phonenumber as \"9088786654\"","match":{"arguments":[{"val":"\"9088786654\"","offset":31}],"location":"StepDefinition.StepDefinition1.user_enters_the_phonenumber_as(java.lang.String)"},"keyword":"And "},{"result":{"duration":5131379600,"status":"passed"},"line":9,"name":"user enters the dateofBirth as \"05-05-2007\"","match":{"arguments":[{"val":"\"05-05-2007\"","offset":31}],"location":"StepDefinition.StepDefinition1.user_enters_the_dateof_birth_as(java.lang.String)"},"keyword":"And "},{"result":{"error_message":"org.openqa.selenium.NoSuchSessionException: invalid session id: session deleted as the browser has closed the connection\nfrom disconnected: not connected to DevTools\n  (Session info: MicrosoftEdge=135.0.3179.85)\nBuild info: version: '4.18.1', revision: 'b1d3319b48'\nSystem info: os.name: 'Windows 11', os.arch: 'amd64', os.version: '10.0', java.version: '23'\nDriver info: org.openqa.selenium.edge.EdgeDriver\nCommand: [4ceb71a258329a008f5cbbf69c1b30c7, findElement {using=xpath, value=//select[@id='input_1742711863977']}]\nCapabilities {acceptInsecureCerts: false, browserName: MicrosoftEdge, browserVersion: 135.0.3179.85, fedcm:accounts: true, ms:edgeOptions: {debuggerAddress: localhost:51115}, msedge: {msedgedriverVersion: 135.0.3179.85 (578105711aca..., userDataDir: C:\\Users\\SWATIL~1\\AppData\\L...}, networkConnectionEnabled: false, pageLoadStrategy: normal, platformName: windows, proxy: Proxy(), se:cdp: ws://localhost:51115/devtoo..., se:cdpVersion: 135.0.3179.85, setWindowRect: true, strictFileInteractability: false, timeouts: {implicit: 0, pageLoad: 300000, script: 30000}, unhandledPromptBehavior: dismiss and notify, webauthn:extension:credBlob: true, webauthn:extension:largeBlob: true, webauthn:extension:minPinLength: true, webauthn:extension:prf: true, webauthn:virtualAuthenticators: true}\nSession ID: 4ceb71a258329a008f5cbbf69c1b30c7\r\n\tat java.base/jdk.internal.reflect.DirectConstructorHandleAccessor.newInstance(DirectConstructorHandleAccessor.java:62)\r\n\tat java.base/java.lang.reflect.Constructor.newInstanceWithCaller(Constructor.java:501)\r\n\tat java.base/java.lang.reflect.Constructor.newInstance(Constructor.java:485)\r\n\tat org.openqa.selenium.remote.ErrorCodec.decode(ErrorCodec.java:167)\r\n\tat org.openqa.selenium.remote.codec.w3c.W3CHttpResponseCodec.decode(W3CHttpResponseCodec.java:138)\r\n\tat org.openqa.selenium.remote.codec.w3c.W3CHttpResponseCodec.decode(W3CHttpResponseCodec.java:50)\r\n\tat org.openqa.selenium.remote.HttpCommandExecutor.execute(HttpCommandExecutor.java:190)\r\n\tat org.openqa.selenium.remote.service.DriverCommandExecutor.invokeExecute(DriverCommandExecutor.java:216)\r\n\tat org.openqa.selenium.remote.service.DriverCommandExecutor.execute(DriverCommandExecutor.java:174)\r\n\tat org.openqa.selenium.remote.RemoteWebDriver.execute(RemoteWebDriver.java:519)\r\n\tat org.openqa.selenium.remote.ElementLocation$ElementFinder$2.findElement(ElementLocation.java:165)\r\n\tat org.openqa.selenium.remote.ElementLocation.findElement(ElementLocation.java:59)\r\n\tat org.openqa.selenium.remote.RemoteWebDriver.findElement(RemoteWebDriver.java:356)\r\n\tat org.openqa.selenium.remote.RemoteWebDriver.findElement(RemoteWebDriver.java:350)\r\n\tat org.openqa.selenium.support.pagefactory.DefaultElementLocator.findElement(DefaultElementLocator.java:68)\r\n\tat org.openqa.selenium.support.pagefactory.internal.LocatingElementHandler.invoke(LocatingElementHandler.java:38)\r\n\tat jdk.proxy2/jdk.proxy2.$Proxy20.getTagName(Unknown Source)\r\n\tat org.openqa.selenium.support.ui.Select.<init>(Select.java:43)\r\n\tat PageClasses.SignUpPage.selectGender(SignUpPage.java:86)\r\n\tat StepDefinition.StepDefinition1.user_selects_the_gender(StepDefinition1.java:91)\r\n\tat ✽.user selects the gender(file:///D:/LiveProject1/BakingProject/src/test/java/FeatureFiles1/SignUpScenarioNew.feature:10)\r\n","duration":7704500,"status":"failed"},"line":10,"name":"user selects the gender","match":{"location":"StepDefinition.StepDefinition1.user_selects_the_gender()"},"keyword":"And "},{"result":{"status":"skipped"},"line":11,"name":"user enters the cityname as \"Kolkata\"","match":{"arguments":[{"val":"\"Kolkata\"","offset":28}],"location":"StepDefinition.StepDefinition1.user_enters_the_cityname_as(java.lang.String)"},"keyword":"And "},{"result":{"status":"skipped"},"line":12,"name":"user enters the userid as \"137846\"","match":{"arguments":[{"val":"\"137846\"","offset":26}],"location":"StepDefinition.StepDefinition1.user_enters_the_userid_as(java.lang.String)"},"keyword":"And "},{"result":{"duration":4023400,"status":"skipped"},"line":13,"name":"user enters the password as \"Test@1234\"","match":{"arguments":[{"val":"\"Test@1234\"","offset":28}],"location":"StepDefinition.StepDefinition1.user_enters_the_password_as(java.lang.String)"},"keyword":"And "},{"result":{"status":"skipped"},"line":14,"name":"user clicks on Submit button","match":{"location":"StepDefinition.StepDefinition1.user_clicks_on_submit_button()"},"keyword":"When "},{"result":{"status":"skipped"},"line":15,"name":"validate that user is getting proper response from site","match":{"location":"StepDefinition.StepDefinition1.validate_that_user_is_getting_proper_response_from_site()"},"keyword":"Then "},{"result":{"status":"skipped"},"line":16,"name":"also verify that the Title of the page is showing correct value","match":{"location":"StepDefinition.StepDefinition1.also_verify_that_the_title_of_the_page_is_showing_correct_value()"},"keyword":"And "}]}],"name":"Validate SignUp Functionality of GrotechMinds Banking Application","description":"","id":"validate-signup-functionality-of-grotechminds-banking-application","keyword":"Feature","uri":"file:src/test/java/FeatureFiles1/SignUpScenarioNew.feature","tags":[]}]